[debug] > Exec(early(addDefaultCommands), None, None)
[debug] > Exec(addDefaultCommands, None, None)
[debug] > Exec(early(initialize), None, None)
[debug] > Exec(initialize, None, None)
[debug] > Exec(boot, None, None)
[debug] > Exec(writeSbtVersion, None, None)
[debug] > Exec(reload, None, None)
[debug] > Exec(sbtStashOnFailure, None, None)
[debug] > Exec(onFailure loadFailed, None, None)
[debug] > Exec(loadp, None, None)
[info] welcome to sbt 1.10.0 (Oracle Corporation Java 19.0.1)
[debug]       Load.loadUnit: plugins took 126.3672ms
[debug]       Load.loadUnit: defsScala took 0.4245ms
[debug] [Loading] Scanning directory C:\Users\lidhu\.sbt\1.0\plugins
[debug] [Loading] Found non-root projects 
[debug] [Loading] Done in C:\Users\lidhu\.sbt\1.0\plugins, returning: ()
[debug] deducing auto plugins based on known facts Set(Atom(sbt.plugins.CorePlugin)) and clauses Clauses(Clause(Atom(sbt.plugins.JvmPlugin),Set(Atom(sbt.plugins.IvyPlugin)))
[debug] Clause(Atom(sbt.ScriptedPlugin),Set(Atom(sbt.plugins.JvmPlugin)))
[debug] Clause(Atom(sbt.plugins.SbtPlugin),Set(Atom(sbt.ScriptedPlugin)))
[debug] Clause(Atom(sbt.plugins.SemanticdbPlugin),Set(Atom(sbt.plugins.JvmPlugin)))
[debug] Clause(Atom(sbt.plugins.JUnitXmlReportPlugin),Set(Atom(sbt.plugins.JvmPlugin)))
[debug] Clause(Atom(sbt.plugins.MiniDependencyTreePlugin),Set(Atom(sbt.plugins.JvmPlugin)))
[debug] Clause(Atom(sbt.plugins.CorePlugin),Set(Atom(sbt.plugins.IvyPlugin)))
[debug] Clause(Atom(sbt.plugins.IvyPlugin),Set(Atom(sbt.plugins.JvmPlugin)))
[debug] Clause(Atom(sbt.plugins.JvmPlugin),Set(Atom(sbt.plugins.SemanticdbPlugin)))
[debug] Clause(Atom(sbt.plugins.JvmPlugin),Set(Atom(sbt.plugins.JUnitXmlReportPlugin)))
[debug] Clause(Atom(sbt.plugins.CorePlugin),Set(Atom(sbt.plugins.Giter8TemplatePlugin)))
[debug] Clause(Atom(sbt.plugins.JvmPlugin),Set(Atom(sbt.plugins.MiniDependencyTreePlugin))))
[debug]   :: deduced result: Matched(sbt.plugins.CorePlugin,sbt.plugins.Giter8TemplatePlugin,sbt.plugins.IvyPlugin,sbt.plugins.JvmPlugin,sbt.plugins.MiniDependencyTreePlugin,sbt.plugins.JUnitXmlReportPlugin,sbt.plugins.SemanticdbPlugin)
[debug] Plugins.deducer#function took 28.2911 ms
[debug]           Load.resolveProject(global-plugins) took 67.089ms
[debug]         Load.loadTransitive: finalizeProject(Project(id global-plugins, base: C:\Users\lidhu\.sbt\1.0\plugins, plugins: List(<none>))) took 123.5793ms
[debug] [Loading] Done in C:\Users\lidhu\.sbt\1.0\plugins, returning: (global-plugins)
[debug]       Load.loadUnit: loadedProjectsRaw took 156.1867ms
[debug]       Load.loadUnit: cleanEvalClasses took 0.4301ms
[debug]     Load.loadUnit(file:/C:/Users/lidhu/.sbt/1.0/plugins/, ...) took 298.7498ms
[debug]   Load.apply: load took 643.2082ms
[debug]   Load.apply: resolveProjects took 9.8659ms
[debug]   Load.apply: finalTransforms took 75.3872ms
[debug]   Load.apply: config.delegates took 8.8242ms
[debug]   Load.apply: Def.make(settings)... took 655.3709ms
[debug]   Load.apply: structureIndex took 121.8633ms
[debug]   Load.apply: mkStreams took 1.8249ms
[info] loading global plugins from C:\Users\lidhu\.sbt\1.0\plugins
[debug] Running task... Cancel: Signal, check cycles: false, forcegc: true
[debug] Load.defaultLoad until apply took 6287.5259ms
[debug]           Load.loadUnit: plugins took 26.0707ms
[debug]           Load.loadUnit: defsScala took 0.0034ms
[debug] [Loading] Scanning directory C:\Users\lidhu\OneDrive\Desktop\sachin technical\projects\dick wall Scala\exercises-applied-part2\akka-essentials\project
[debug] [Loading] Found non-root projects 
[debug] [Loading] Done in C:\Users\lidhu\OneDrive\Desktop\sachin technical\projects\dick wall Scala\exercises-applied-part2\akka-essentials\project, returning: ()
[debug] deducing auto plugins based on known facts Set(Atom(sbt.plugins.CorePlugin)) and clauses Clauses(Clause(Atom(sbt.plugins.JvmPlugin),Set(Atom(sbt.plugins.IvyPlugin)))
[debug] Clause(Atom(sbt.ScriptedPlugin),Set(Atom(sbt.plugins.JvmPlugin)))
[debug] Clause(Atom(sbt.plugins.SbtPlugin),Set(Atom(sbt.ScriptedPlugin)))
[debug] Clause(Atom(sbt.plugins.SemanticdbPlugin),Set(Atom(sbt.plugins.JvmPlugin)))
[debug] Clause(Atom(sbt.plugins.JUnitXmlReportPlugin),Set(Atom(sbt.plugins.JvmPlugin)))
[debug] Clause(Atom(sbt.plugins.MiniDependencyTreePlugin),Set(Atom(sbt.plugins.JvmPlugin)))
[debug] Clause(Atom(sbt.plugins.CorePlugin),Set(Atom(sbt.plugins.IvyPlugin)))
[debug] Clause(Atom(sbt.plugins.IvyPlugin),Set(Atom(sbt.plugins.JvmPlugin)))
[debug] Clause(Atom(sbt.plugins.JvmPlugin),Set(Atom(sbt.plugins.SemanticdbPlugin)))
[debug] Clause(Atom(sbt.plugins.JvmPlugin),Set(Atom(sbt.plugins.JUnitXmlReportPlugin)))
[debug] Clause(Atom(sbt.plugins.CorePlugin),Set(Atom(sbt.plugins.Giter8TemplatePlugin)))
[debug] Clause(Atom(sbt.plugins.JvmPlugin),Set(Atom(sbt.plugins.MiniDependencyTreePlugin))))
[debug]   :: deduced result: Matched(sbt.plugins.CorePlugin,sbt.plugins.Giter8TemplatePlugin,sbt.plugins.IvyPlugin,sbt.plugins.JvmPlugin,sbt.plugins.MiniDependencyTreePlugin,sbt.plugins.JUnitXmlReportPlugin,sbt.plugins.SemanticdbPlugin)
[debug] Plugins.deducer#function took 1.7412 ms
[debug]               Load.resolveProject(akka-essentials-build) took 1.3556ms
[debug]             Load.loadTransitive: finalizeProject(Project(id akka-essentials-build, base: C:\Users\lidhu\OneDrive\Desktop\sachin technical\projects\dick wall Scala\exercises-applied-part2\akka-essentials\project, plugins: List(<none>))) took 3.6747ms
[debug] [Loading] Done in C:\Users\lidhu\OneDrive\Desktop\sachin technical\projects\dick wall Scala\exercises-applied-part2\akka-essentials\project, returning: (akka-essentials-build)
[debug]           Load.loadUnit: loadedProjectsRaw took 5.8335ms
[debug]           Load.loadUnit: cleanEvalClasses took 0.0134ms
[debug]         Load.loadUnit(file:/C:/Users/lidhu/OneDrive/Desktop/sachin%20technical/projects/dick%20wall%20Scala/exercises-applied-part2/akka-essentials/project/, ...) took 32.7742ms
[debug]       Load.apply: load took 35.2175ms
[debug]       Load.apply: resolveProjects took 0.1094ms
[debug]       Load.apply: finalTransforms took 12.6808ms
[debug]       Load.apply: config.delegates took 0.3875ms
[debug]       Load.apply: Def.make(settings)... took 110.262ms
[debug]       Load.apply: structureIndex took 39.8902ms
[debug]       Load.apply: mkStreams took 0.0023ms
[info] loading project definition from C:\Users\lidhu\OneDrive\Desktop\sachin technical\projects\dick wall Scala\exercises-applied-part2\akka-essentials\project
[debug] Running task... Cancel: Signal, check cycles: false, forcegc: true
[debug]     Load.loadUnit: plugins took 851.0804ms
[debug]     Load.loadUnit: defsScala took 0.0077ms
[debug] [Loading] Scanning directory C:\Users\lidhu\OneDrive\Desktop\sachin technical\projects\dick wall Scala\exercises-applied-part2\akka-essentials
[debug]       Load.loadUnit: mkEval took 8.0545ms
[debug] [Loading] Found root project root w/ remaining 
[debug] deducing auto plugins based on known facts Set(Atom(sbt.plugins.CorePlugin)) and clauses Clauses(Clause(Atom(sbt.plugins.JvmPlugin),Set(Atom(sbt.plugins.IvyPlugin)))
[debug] Clause(Atom(sbt.ScriptedPlugin),Set(Atom(sbt.plugins.JvmPlugin)))
[debug] Clause(Atom(sbt.plugins.SbtPlugin),Set(Atom(sbt.ScriptedPlugin)))
[debug] Clause(Atom(sbt.plugins.SemanticdbPlugin),Set(Atom(sbt.plugins.JvmPlugin)))
[debug] Clause(Atom(sbt.plugins.JUnitXmlReportPlugin),Set(Atom(sbt.plugins.JvmPlugin)))
[debug] Clause(Atom(sbt.plugins.MiniDependencyTreePlugin),Set(Atom(sbt.plugins.JvmPlugin)))
[debug] Clause(Atom(sbt.plugins.CorePlugin),Set(Atom(sbt.plugins.IvyPlugin)))
[debug] Clause(Atom(sbt.plugins.IvyPlugin),Set(Atom(sbt.plugins.JvmPlugin)))
[debug] Clause(Atom(sbt.plugins.JvmPlugin),Set(Atom(sbt.plugins.SemanticdbPlugin)))
[debug] Clause(Atom(sbt.plugins.JvmPlugin),Set(Atom(sbt.plugins.JUnitXmlReportPlugin)))
[debug] Clause(Atom(sbt.plugins.CorePlugin),Set(Atom(sbt.plugins.Giter8TemplatePlugin)))
[debug] Clause(Atom(sbt.plugins.JvmPlugin),Set(Atom(sbt.plugins.MiniDependencyTreePlugin))))
[debug]   :: deduced result: Matched(sbt.plugins.CorePlugin,sbt.plugins.Giter8TemplatePlugin,sbt.plugins.IvyPlugin,sbt.plugins.JvmPlugin,sbt.plugins.MiniDependencyTreePlugin,sbt.plugins.JUnitXmlReportPlugin,sbt.plugins.SemanticdbPlugin)
[debug] Plugins.deducer#function took 2.28 ms
[info] loading settings for project root from build.sbt ...
[debug]         Load.resolveProject(root) took 4.7147ms
[debug]       Load.loadTransitive: finalizeProject(Project(id root, base: C:\Users\lidhu\OneDrive\Desktop\sachin technical\projects\dick wall Scala\exercises-applied-part2\akka-essentials, plugins: List(<none>))) took 12.995ms
[debug] [Loading] Done in C:\Users\lidhu\OneDrive\Desktop\sachin technical\projects\dick wall Scala\exercises-applied-part2\akka-essentials, returning: (root)
[debug]     Load.loadUnit: loadedProjectsRaw took 3731.111ms
[debug]     Load.loadUnit: cleanEvalClasses took 19.3247ms
[debug]   Load.loadUnit(file:/C:/Users/lidhu/OneDrive/Desktop/sachin%20technical/projects/dick%20wall%20Scala/exercises-applied-part2/akka-essentials/, ...) took 4603.0756ms
[debug] Load.apply: load took 4605.6767ms
[debug] Load.apply: resolveProjects took 0.1528ms
[debug] Load.apply: finalTransforms took 16.5817ms
[debug] Load.apply: config.delegates took 0.3999ms
[debug] Load.apply: Def.make(settings)... took 137.8251ms
[debug] Load.apply: structureIndex took 45.7921ms
[debug] Load.apply: mkStreams took 0.0022ms
[info] set current project to akka-essentials (in build file:/C:/Users/lidhu/OneDrive/Desktop/sachin%20technical/projects/dick%20wall%20Scala/exercises-applied-part2/akka-essentials/)
[debug] > Exec(sbtPopOnFailure, None, None)
[debug] > Exec(resumeFromFailure, None, None)
[debug] > Exec(notifyUsersAboutShell, None, None)
[debug] > Exec(iflast shell, None, None)
[debug] > Exec(shell, None, None)
[info] 
[info] Here are some highlights of sbt 1.10.0:
[info]   - SIP-51 support for Scala 2.13 evolution
[info]   - Various Zinc fixes
[info]   - ConsistentAnalysisFormat: new Zinc Analysis serialization
[info]   - CommandProgress API
[info] See https://eed3si9n.com/sbt-1.10.0 for full release notes.
[info] Hide the banner for this release by running `skipBanner`.
[info] sbt server started at local:sbt-server-7b7ec8516c0dbe300b22
[debug] Writing bsp connection file
[info] started sbt server
